状态 2 conflicts: 1 shift/reduce
状态 35 conflicts: 1 shift/reduce
状态 38 conflicts: 1 shift/reduce


语法

    0 $accept: program $end

    1 program: exp

    2 exp: lvalue
    3    | lvalue ASSIGN exp
    4    | INT
    5    | STRING
    6    | NIL
    7    | LPAREN RPAREN
    8    | LPAREN expseq RPAREN
    9    | MINUS exp
   10    | exp PLUS exp
   11    | exp MINUS exp
   12    | exp TIMES exp
   13    | exp DIVIDE exp
   14    | exp EQ exp
   15    | exp NEQ exp
   16    | exp LT exp
   17    | exp LE exp
   18    | exp GT exp
   19    | exp GE exp
   20    | exp AND exp
   21    | exp OR exp
   22    | funcall
   23    | ID LBRACK exp RBRACK OF exp
   24    | ID LBRACE RBRACE
   25    | ID LBRACE asseq RBRACE
   26    | IF exp THEN exp
   27    | IF exp THEN exp ELSE exp
   28    | WHILE exp DO exp
   29    | FOR ID ASSIGN exp TO exp DO exp
   30    | BREAK
   31    | LET decs IN END
   32    | LET decs IN expseq END
   33    | LPAREN error RPAREN
   34    | error SEMICOLON exp

   35 lvalue: ID
   36       | lvalue DOT ID
   37       | lvalue LBRACK exp RBRACK
   38       | ID LBRACK exp RBRACK

   39 expseq: exp
   40       | exp SEMICOLON expseq

   41 funcall: ID LPAREN RPAREN
   42        | ID LPAREN paraseq RPAREN

   43 paraseq: exp
   44        | exp COMMA paraseq

   45 asseq: ID EQ exp
   46      | ID EQ exp COMMA asseq

   47 decs: dec decs
   48     | %empty

   49 dec: tydecs
   50    | vardec
   51    | fundecs

   52 tydecs: tydec
   53       | tydec tydecs

   54 tydec: TYPE ID EQ ty

   55 ty: ID
   56   | LBRACE tyfields RBRACE
   57   | ARRAY OF ID

   58 tyfields: tyfield
   59         | %empty

   60 tyfield: ID COLON ID
   61        | ID COLON ID COMMA tyfield

   62 vardec: VAR ID ASSIGN exp
   63       | VAR ID COLON ID ASSIGN exp

   64 fundecs: fundec
   65        | fundec fundecs

   66 fundec: FUNCTION ID LPAREN tyfields RPAREN EQ exp
   67       | FUNCTION ID LPAREN tyfields RPAREN COLON ID EQ exp


Terminals, with rules where they appear

$end (0) 0
error (256) 33 34
ID (258) 23 24 25 29 35 36 38 41 42 45 46 54 55 57 60 61 62 63 66 67
STRING (259) 5
INT (260) 4
COMMA (261) 44 46 61
COLON (262) 60 61 63 67
SEMICOLON (263) 34 40
LPAREN (264) 7 8 33 41 42 66 67
RPAREN (265) 7 8 33 41 42 66 67
LBRACK (266) 23 37 38
RBRACK (267) 23 37 38
LBRACE (268) 24 25 56
RBRACE (269) 24 25 56
DOT (270) 36
PLUS (271) 10
MINUS (272) 9 11
TIMES (273) 12
DIVIDE (274) 13
EQ (275) 14 45 46 54 66 67
NEQ (276) 15
LT (277) 16
LE (278) 17
GT (279) 18
GE (280) 19
AND (281) 20
OR (282) 21
ASSIGN (283) 3 29 62 63
ARRAY (284) 57
IF (285) 26 27
THEN (286) 26 27
ELSE (287) 27
WHILE (288) 28
FOR (289) 29
TO (290) 29
DO (291) 28 29
LET (292) 31 32
IN (293) 31 32
END (294) 31 32
OF (295) 23 57
BREAK (296) 30
NIL (297) 6
FUNCTION (298) 66 67
VAR (299) 62 63
TYPE (300) 54
UMINUS (301)


Nonterminals, with rules where they appear

$accept (47)
    左： 0
program (48)
    左： 1, 右： 0
exp (49)
    左： 2 3 4 5 6 7 8 9 10 11 12 13 14 15 16 17 18 19 20 21 22 23
    24 25 26 27 28 29 30 31 32 33 34, 右： 1 3 9 10 11 12 13 14 15
    16 17 18 19 20 21 23 26 27 28 29 34 37 38 39 40 43 44 45 46 62
    63 66 67
lvalue (50)
    左： 35 36 37 38, 右： 2 3 36 37
expseq (51)
    左： 39 40, 右： 8 32 40
funcall (52)
    左： 41 42, 右： 22
paraseq (53)
    左： 43 44, 右： 42 44
asseq (54)
    左： 45 46, 右： 25 46
decs (55)
    左： 47 48, 右： 31 32 47
dec (56)
    左： 49 50 51, 右： 47
tydecs (57)
    左： 52 53, 右： 49 53
tydec (58)
    左： 54, 右： 52 53
ty (59)
    左： 55 56 57, 右： 54
tyfields (60)
    左： 58 59, 右： 56 66 67
tyfield (61)
    左： 60 61, 右： 58 61
vardec (62)
    左： 62 63, 右： 50
fundecs (63)
    左： 64 65, 右： 51 65
fundec (64)
    左： 66 67, 右： 64 65


State 0

    0 $accept: . program $end

    error   shift, and go to state 1
    ID      shift, and go to state 2
    STRING  shift, and go to state 3
    INT     shift, and go to state 4
    LPAREN  shift, and go to state 5
    MINUS   shift, and go to state 6
    IF      shift, and go to state 7
    WHILE   shift, and go to state 8
    FOR     shift, and go to state 9
    LET     shift, and go to state 10
    BREAK   shift, and go to state 11
    NIL     shift, and go to state 12

    program  转到状态 13
    exp      转到状态 14
    lvalue   转到状态 15
    funcall  转到状态 16


State 1

   34 exp: error . SEMICOLON exp

    SEMICOLON  shift, and go to state 17


State 2

   23 exp: ID . LBRACK exp RBRACK OF exp
   24    | ID . LBRACE RBRACE
   25    | ID . LBRACE asseq RBRACE
   35 lvalue: ID .
   38       | ID . LBRACK exp RBRACK
   41 funcall: ID . LPAREN RPAREN
   42        | ID . LPAREN paraseq RPAREN

    LPAREN  shift, and go to state 18
    LBRACK  shift, and go to state 19
    LBRACE  shift, and go to state 20

    LBRACK    [reduce using rule 35 (lvalue)]
    $default  reduce using rule 35 (lvalue)


State 3

    5 exp: STRING .

    $default  reduce using rule 5 (exp)


State 4

    4 exp: INT .

    $default  reduce using rule 4 (exp)


State 5

    7 exp: LPAREN . RPAREN
    8    | LPAREN . expseq RPAREN
   33    | LPAREN . error RPAREN

    error   shift, and go to state 21
    ID      shift, and go to state 2
    STRING  shift, and go to state 3
    INT     shift, and go to state 4
    LPAREN  shift, and go to state 5
    RPAREN  shift, and go to state 22
    MINUS   shift, and go to state 6
    IF      shift, and go to state 7
    WHILE   shift, and go to state 8
    FOR     shift, and go to state 9
    LET     shift, and go to state 10
    BREAK   shift, and go to state 11
    NIL     shift, and go to state 12

    exp      转到状态 23
    lvalue   转到状态 15
    expseq   转到状态 24
    funcall  转到状态 16


State 6

    9 exp: MINUS . exp

    error   shift, and go to state 1
    ID      shift, and go to state 2
    STRING  shift, and go to state 3
    INT     shift, and go to state 4
    LPAREN  shift, and go to state 5
    MINUS   shift, and go to state 6
    IF      shift, and go to state 7
    WHILE   shift, and go to state 8
    FOR     shift, and go to state 9
    LET     shift, and go to state 10
    BREAK   shift, and go to state 11
    NIL     shift, and go to state 12

    exp      转到状态 25
    lvalue   转到状态 15
    funcall  转到状态 16


State 7

   26 exp: IF . exp THEN exp
   27    | IF . exp THEN exp ELSE exp

    error   shift, and go to state 1
    ID      shift, and go to state 2
    STRING  shift, and go to state 3
    INT     shift, and go to state 4
    LPAREN  shift, and go to state 5
    MINUS   shift, and go to state 6
    IF      shift, and go to state 7
    WHILE   shift, and go to state 8
    FOR     shift, and go to state 9
    LET     shift, and go to state 10
    BREAK   shift, and go to state 11
    NIL     shift, and go to state 12

    exp      转到状态 26
    lvalue   转到状态 15
    funcall  转到状态 16


State 8

   28 exp: WHILE . exp DO exp

    error   shift, and go to state 1
    ID      shift, and go to state 2
    STRING  shift, and go to state 3
    INT     shift, and go to state 4
    LPAREN  shift, and go to state 5
    MINUS   shift, and go to state 6
    IF      shift, and go to state 7
    WHILE   shift, and go to state 8
    FOR     shift, and go to state 9
    LET     shift, and go to state 10
    BREAK   shift, and go to state 11
    NIL     shift, and go to state 12

    exp      转到状态 27
    lvalue   转到状态 15
    funcall  转到状态 16


State 9

   29 exp: FOR . ID ASSIGN exp TO exp DO exp

    ID  shift, and go to state 28


State 10

   31 exp: LET . decs IN END
   32    | LET . decs IN expseq END

    FUNCTION  shift, and go to state 29
    VAR       shift, and go to state 30
    TYPE      shift, and go to state 31

    $default  reduce using rule 48 (decs)

    decs     转到状态 32
    dec      转到状态 33
    tydecs   转到状态 34
    tydec    转到状态 35
    vardec   转到状态 36
    fundecs  转到状态 37
    fundec   转到状态 38


State 11

   30 exp: BREAK .

    $default  reduce using rule 30 (exp)


State 12

    6 exp: NIL .

    $default  reduce using rule 6 (exp)


State 13

    0 $accept: program . $end

    $end  shift, and go to state 39


State 14

    1 program: exp .
   10 exp: exp . PLUS exp
   11    | exp . MINUS exp
   12    | exp . TIMES exp
   13    | exp . DIVIDE exp
   14    | exp . EQ exp
   15    | exp . NEQ exp
   16    | exp . LT exp
   17    | exp . LE exp
   18    | exp . GT exp
   19    | exp . GE exp
   20    | exp . AND exp
   21    | exp . OR exp

    PLUS    shift, and go to state 40
    MINUS   shift, and go to state 41
    TIMES   shift, and go to state 42
    DIVIDE  shift, and go to state 43
    EQ      shift, and go to state 44
    NEQ     shift, and go to state 45
    LT      shift, and go to state 46
    LE      shift, and go to state 47
    GT      shift, and go to state 48
    GE      shift, and go to state 49
    AND     shift, and go to state 50
    OR      shift, and go to state 51

    $default  reduce using rule 1 (program)


State 15

    2 exp: lvalue .
    3    | lvalue . ASSIGN exp
   36 lvalue: lvalue . DOT ID
   37       | lvalue . LBRACK exp RBRACK

    LBRACK  shift, and go to state 52
    DOT     shift, and go to state 53
    ASSIGN  shift, and go to state 54

    $default  reduce using rule 2 (exp)


State 16

   22 exp: funcall .

    $default  reduce using rule 22 (exp)


State 17

   34 exp: error SEMICOLON . exp

    error   shift, and go to state 1
    ID      shift, and go to state 2
    STRING  shift, and go to state 3
    INT     shift, and go to state 4
    LPAREN  shift, and go to state 5
    MINUS   shift, and go to state 6
    IF      shift, and go to state 7
    WHILE   shift, and go to state 8
    FOR     shift, and go to state 9
    LET     shift, and go to state 10
    BREAK   shift, and go to state 11
    NIL     shift, and go to state 12

    exp      转到状态 55
    lvalue   转到状态 15
    funcall  转到状态 16


State 18

   41 funcall: ID LPAREN . RPAREN
   42        | ID LPAREN . paraseq RPAREN

    error   shift, and go to state 1
    ID      shift, and go to state 2
    STRING  shift, and go to state 3
    INT     shift, and go to state 4
    LPAREN  shift, and go to state 5
    RPAREN  shift, and go to state 56
    MINUS   shift, and go to state 6
    IF      shift, and go to state 7
    WHILE   shift, and go to state 8
    FOR     shift, and go to state 9
    LET     shift, and go to state 10
    BREAK   shift, and go to state 11
    NIL     shift, and go to state 12

    exp      转到状态 57
    lvalue   转到状态 15
    funcall  转到状态 16
    paraseq  转到状态 58


State 19

   23 exp: ID LBRACK . exp RBRACK OF exp
   38 lvalue: ID LBRACK . exp RBRACK

    error   shift, and go to state 1
    ID      shift, and go to state 2
    STRING  shift, and go to state 3
    INT     shift, and go to state 4
    LPAREN  shift, and go to state 5
    MINUS   shift, and go to state 6
    IF      shift, and go to state 7
    WHILE   shift, and go to state 8
    FOR     shift, and go to state 9
    LET     shift, and go to state 10
    BREAK   shift, and go to state 11
    NIL     shift, and go to state 12

    exp      转到状态 59
    lvalue   转到状态 15
    funcall  转到状态 16


State 20

   24 exp: ID LBRACE . RBRACE
   25    | ID LBRACE . asseq RBRACE

    ID      shift, and go to state 60
    RBRACE  shift, and go to state 61

    asseq  转到状态 62


State 21

   33 exp: LPAREN error . RPAREN
   34    | error . SEMICOLON exp

    SEMICOLON  shift, and go to state 17
    RPAREN     shift, and go to state 63


State 22

    7 exp: LPAREN RPAREN .

    $default  reduce using rule 7 (exp)


State 23

   10 exp: exp . PLUS exp
   11    | exp . MINUS exp
   12    | exp . TIMES exp
   13    | exp . DIVIDE exp
   14    | exp . EQ exp
   15    | exp . NEQ exp
   16    | exp . LT exp
   17    | exp . LE exp
   18    | exp . GT exp
   19    | exp . GE exp
   20    | exp . AND exp
   21    | exp . OR exp
   39 expseq: exp .
   40       | exp . SEMICOLON expseq

    SEMICOLON  shift, and go to state 64
    PLUS       shift, and go to state 40
    MINUS      shift, and go to state 41
    TIMES      shift, and go to state 42
    DIVIDE     shift, and go to state 43
    EQ         shift, and go to state 44
    NEQ        shift, and go to state 45
    LT         shift, and go to state 46
    LE         shift, and go to state 47
    GT         shift, and go to state 48
    GE         shift, and go to state 49
    AND        shift, and go to state 50
    OR         shift, and go to state 51

    $default  reduce using rule 39 (expseq)


State 24

    8 exp: LPAREN expseq . RPAREN

    RPAREN  shift, and go to state 65


State 25

    9 exp: MINUS exp .
   10    | exp . PLUS exp
   11    | exp . MINUS exp
   12    | exp . TIMES exp
   13    | exp . DIVIDE exp
   14    | exp . EQ exp
   15    | exp . NEQ exp
   16    | exp . LT exp
   17    | exp . LE exp
   18    | exp . GT exp
   19    | exp . GE exp
   20    | exp . AND exp
   21    | exp . OR exp

    $default  reduce using rule 9 (exp)


State 26

   10 exp: exp . PLUS exp
   11    | exp . MINUS exp
   12    | exp . TIMES exp
   13    | exp . DIVIDE exp
   14    | exp . EQ exp
   15    | exp . NEQ exp
   16    | exp . LT exp
   17    | exp . LE exp
   18    | exp . GT exp
   19    | exp . GE exp
   20    | exp . AND exp
   21    | exp . OR exp
   26    | IF exp . THEN exp
   27    | IF exp . THEN exp ELSE exp

    PLUS    shift, and go to state 40
    MINUS   shift, and go to state 41
    TIMES   shift, and go to state 42
    DIVIDE  shift, and go to state 43
    EQ      shift, and go to state 44
    NEQ     shift, and go to state 45
    LT      shift, and go to state 46
    LE      shift, and go to state 47
    GT      shift, and go to state 48
    GE      shift, and go to state 49
    AND     shift, and go to state 50
    OR      shift, and go to state 51
    THEN    shift, and go to state 66


State 27

   10 exp: exp . PLUS exp
   11    | exp . MINUS exp
   12    | exp . TIMES exp
   13    | exp . DIVIDE exp
   14    | exp . EQ exp
   15    | exp . NEQ exp
   16    | exp . LT exp
   17    | exp . LE exp
   18    | exp . GT exp
   19    | exp . GE exp
   20    | exp . AND exp
   21    | exp . OR exp
   28    | WHILE exp . DO exp

    PLUS    shift, and go to state 40
    MINUS   shift, and go to state 41
    TIMES   shift, and go to state 42
    DIVIDE  shift, and go to state 43
    EQ      shift, and go to state 44
    NEQ     shift, and go to state 45
    LT      shift, and go to state 46
    LE      shift, and go to state 47
    GT      shift, and go to state 48
    GE      shift, and go to state 49
    AND     shift, and go to state 50
    OR      shift, and go to state 51
    DO      shift, and go to state 67


State 28

   29 exp: FOR ID . ASSIGN exp TO exp DO exp

    ASSIGN  shift, and go to state 68


State 29

   66 fundec: FUNCTION . ID LPAREN tyfields RPAREN EQ exp
   67       | FUNCTION . ID LPAREN tyfields RPAREN COLON ID EQ exp

    ID  shift, and go to state 69


State 30

   62 vardec: VAR . ID ASSIGN exp
   63       | VAR . ID COLON ID ASSIGN exp

    ID  shift, and go to state 70


State 31

   54 tydec: TYPE . ID EQ ty

    ID  shift, and go to state 71


State 32

   31 exp: LET decs . IN END
   32    | LET decs . IN expseq END

    IN  shift, and go to state 72


State 33

   47 decs: dec . decs

    FUNCTION  shift, and go to state 29
    VAR       shift, and go to state 30
    TYPE      shift, and go to state 31

    $default  reduce using rule 48 (decs)

    decs     转到状态 73
    dec      转到状态 33
    tydecs   转到状态 34
    tydec    转到状态 35
    vardec   转到状态 36
    fundecs  转到状态 37
    fundec   转到状态 38


State 34

   49 dec: tydecs .

    $default  reduce using rule 49 (dec)


State 35

   52 tydecs: tydec .
   53       | tydec . tydecs

    TYPE  shift, and go to state 31

    TYPE      [reduce using rule 52 (tydecs)]
    $default  reduce using rule 52 (tydecs)

    tydecs  转到状态 74
    tydec   转到状态 35


State 36

   50 dec: vardec .

    $default  reduce using rule 50 (dec)


State 37

   51 dec: fundecs .

    $default  reduce using rule 51 (dec)


State 38

   64 fundecs: fundec .
   65        | fundec . fundecs

    FUNCTION  shift, and go to state 29

    FUNCTION  [reduce using rule 64 (fundecs)]
    $default  reduce using rule 64 (fundecs)

    fundecs  转到状态 75
    fundec   转到状态 38


State 39

    0 $accept: program $end .

    $default  接受


State 40

   10 exp: exp PLUS . exp

    error   shift, and go to state 1
    ID      shift, and go to state 2
    STRING  shift, and go to state 3
    INT     shift, and go to state 4
    LPAREN  shift, and go to state 5
    MINUS   shift, and go to state 6
    IF      shift, and go to state 7
    WHILE   shift, and go to state 8
    FOR     shift, and go to state 9
    LET     shift, and go to state 10
    BREAK   shift, and go to state 11
    NIL     shift, and go to state 12

    exp      转到状态 76
    lvalue   转到状态 15
    funcall  转到状态 16


State 41

   11 exp: exp MINUS . exp

    error   shift, and go to state 1
    ID      shift, and go to state 2
    STRING  shift, and go to state 3
    INT     shift, and go to state 4
    LPAREN  shift, and go to state 5
    MINUS   shift, and go to state 6
    IF      shift, and go to state 7
    WHILE   shift, and go to state 8
    FOR     shift, and go to state 9
    LET     shift, and go to state 10
    BREAK   shift, and go to state 11
    NIL     shift, and go to state 12

    exp      转到状态 77
    lvalue   转到状态 15
    funcall  转到状态 16


State 42

   12 exp: exp TIMES . exp

    error   shift, and go to state 1
    ID      shift, and go to state 2
    STRING  shift, and go to state 3
    INT     shift, and go to state 4
    LPAREN  shift, and go to state 5
    MINUS   shift, and go to state 6
    IF      shift, and go to state 7
    WHILE   shift, and go to state 8
    FOR     shift, and go to state 9
    LET     shift, and go to state 10
    BREAK   shift, and go to state 11
    NIL     shift, and go to state 12

    exp      转到状态 78
    lvalue   转到状态 15
    funcall  转到状态 16


State 43

   13 exp: exp DIVIDE . exp

    error   shift, and go to state 1
    ID      shift, and go to state 2
    STRING  shift, and go to state 3
    INT     shift, and go to state 4
    LPAREN  shift, and go to state 5
    MINUS   shift, and go to state 6
    IF      shift, and go to state 7
    WHILE   shift, and go to state 8
    FOR     shift, and go to state 9
    LET     shift, and go to state 10
    BREAK   shift, and go to state 11
    NIL     shift, and go to state 12

    exp      转到状态 79
    lvalue   转到状态 15
    funcall  转到状态 16


State 44

   14 exp: exp EQ . exp

    error   shift, and go to state 1
    ID      shift, and go to state 2
    STRING  shift, and go to state 3
    INT     shift, and go to state 4
    LPAREN  shift, and go to state 5
    MINUS   shift, and go to state 6
    IF      shift, and go to state 7
    WHILE   shift, and go to state 8
    FOR     shift, and go to state 9
    LET     shift, and go to state 10
    BREAK   shift, and go to state 11
    NIL     shift, and go to state 12

    exp      转到状态 80
    lvalue   转到状态 15
    funcall  转到状态 16


State 45

   15 exp: exp NEQ . exp

    error   shift, and go to state 1
    ID      shift, and go to state 2
    STRING  shift, and go to state 3
    INT     shift, and go to state 4
    LPAREN  shift, and go to state 5
    MINUS   shift, and go to state 6
    IF      shift, and go to state 7
    WHILE   shift, and go to state 8
    FOR     shift, and go to state 9
    LET     shift, and go to state 10
    BREAK   shift, and go to state 11
    NIL     shift, and go to state 12

    exp      转到状态 81
    lvalue   转到状态 15
    funcall  转到状态 16


State 46

   16 exp: exp LT . exp

    error   shift, and go to state 1
    ID      shift, and go to state 2
    STRING  shift, and go to state 3
    INT     shift, and go to state 4
    LPAREN  shift, and go to state 5
    MINUS   shift, and go to state 6
    IF      shift, and go to state 7
    WHILE   shift, and go to state 8
    FOR     shift, and go to state 9
    LET     shift, and go to state 10
    BREAK   shift, and go to state 11
    NIL     shift, and go to state 12

    exp      转到状态 82
    lvalue   转到状态 15
    funcall  转到状态 16


State 47

   17 exp: exp LE . exp

    error   shift, and go to state 1
    ID      shift, and go to state 2
    STRING  shift, and go to state 3
    INT     shift, and go to state 4
    LPAREN  shift, and go to state 5
    MINUS   shift, and go to state 6
    IF      shift, and go to state 7
    WHILE   shift, and go to state 8
    FOR     shift, and go to state 9
    LET     shift, and go to state 10
    BREAK   shift, and go to state 11
    NIL     shift, and go to state 12

    exp      转到状态 83
    lvalue   转到状态 15
    funcall  转到状态 16


State 48

   18 exp: exp GT . exp

    error   shift, and go to state 1
    ID      shift, and go to state 2
    STRING  shift, and go to state 3
    INT     shift, and go to state 4
    LPAREN  shift, and go to state 5
    MINUS   shift, and go to state 6
    IF      shift, and go to state 7
    WHILE   shift, and go to state 8
    FOR     shift, and go to state 9
    LET     shift, and go to state 10
    BREAK   shift, and go to state 11
    NIL     shift, and go to state 12

    exp      转到状态 84
    lvalue   转到状态 15
    funcall  转到状态 16


State 49

   19 exp: exp GE . exp

    error   shift, and go to state 1
    ID      shift, and go to state 2
    STRING  shift, and go to state 3
    INT     shift, and go to state 4
    LPAREN  shift, and go to state 5
    MINUS   shift, and go to state 6
    IF      shift, and go to state 7
    WHILE   shift, and go to state 8
    FOR     shift, and go to state 9
    LET     shift, and go to state 10
    BREAK   shift, and go to state 11
    NIL     shift, and go to state 12

    exp      转到状态 85
    lvalue   转到状态 15
    funcall  转到状态 16


State 50

   20 exp: exp AND . exp

    error   shift, and go to state 1
    ID      shift, and go to state 2
    STRING  shift, and go to state 3
    INT     shift, and go to state 4
    LPAREN  shift, and go to state 5
    MINUS   shift, and go to state 6
    IF      shift, and go to state 7
    WHILE   shift, and go to state 8
    FOR     shift, and go to state 9
    LET     shift, and go to state 10
    BREAK   shift, and go to state 11
    NIL     shift, and go to state 12

    exp      转到状态 86
    lvalue   转到状态 15
    funcall  转到状态 16


State 51

   21 exp: exp OR . exp

    error   shift, and go to state 1
    ID      shift, and go to state 2
    STRING  shift, and go to state 3
    INT     shift, and go to state 4
    LPAREN  shift, and go to state 5
    MINUS   shift, and go to state 6
    IF      shift, and go to state 7
    WHILE   shift, and go to state 8
    FOR     shift, and go to state 9
    LET     shift, and go to state 10
    BREAK   shift, and go to state 11
    NIL     shift, and go to state 12

    exp      转到状态 87
    lvalue   转到状态 15
    funcall  转到状态 16


State 52

   37 lvalue: lvalue LBRACK . exp RBRACK

    error   shift, and go to state 1
    ID      shift, and go to state 2
    STRING  shift, and go to state 3
    INT     shift, and go to state 4
    LPAREN  shift, and go to state 5
    MINUS   shift, and go to state 6
    IF      shift, and go to state 7
    WHILE   shift, and go to state 8
    FOR     shift, and go to state 9
    LET     shift, and go to state 10
    BREAK   shift, and go to state 11
    NIL     shift, and go to state 12

    exp      转到状态 88
    lvalue   转到状态 15
    funcall  转到状态 16


State 53

   36 lvalue: lvalue DOT . ID

    ID  shift, and go to state 89


State 54

    3 exp: lvalue ASSIGN . exp

    error   shift, and go to state 1
    ID      shift, and go to state 2
    STRING  shift, and go to state 3
    INT     shift, and go to state 4
    LPAREN  shift, and go to state 5
    MINUS   shift, and go to state 6
    IF      shift, and go to state 7
    WHILE   shift, and go to state 8
    FOR     shift, and go to state 9
    LET     shift, and go to state 10
    BREAK   shift, and go to state 11
    NIL     shift, and go to state 12

    exp      转到状态 90
    lvalue   转到状态 15
    funcall  转到状态 16


State 55

   10 exp: exp . PLUS exp
   11    | exp . MINUS exp
   12    | exp . TIMES exp
   13    | exp . DIVIDE exp
   14    | exp . EQ exp
   15    | exp . NEQ exp
   16    | exp . LT exp
   17    | exp . LE exp
   18    | exp . GT exp
   19    | exp . GE exp
   20    | exp . AND exp
   21    | exp . OR exp
   34    | error SEMICOLON exp .

    PLUS    shift, and go to state 40
    MINUS   shift, and go to state 41
    TIMES   shift, and go to state 42
    DIVIDE  shift, and go to state 43
    EQ      shift, and go to state 44
    NEQ     shift, and go to state 45
    LT      shift, and go to state 46
    LE      shift, and go to state 47
    GT      shift, and go to state 48
    GE      shift, and go to state 49
    AND     shift, and go to state 50
    OR      shift, and go to state 51

    $default  reduce using rule 34 (exp)


State 56

   41 funcall: ID LPAREN RPAREN .

    $default  reduce using rule 41 (funcall)


State 57

   10 exp: exp . PLUS exp
   11    | exp . MINUS exp
   12    | exp . TIMES exp
   13    | exp . DIVIDE exp
   14    | exp . EQ exp
   15    | exp . NEQ exp
   16    | exp . LT exp
   17    | exp . LE exp
   18    | exp . GT exp
   19    | exp . GE exp
   20    | exp . AND exp
   21    | exp . OR exp
   43 paraseq: exp .
   44        | exp . COMMA paraseq

    COMMA   shift, and go to state 91
    PLUS    shift, and go to state 40
    MINUS   shift, and go to state 41
    TIMES   shift, and go to state 42
    DIVIDE  shift, and go to state 43
    EQ      shift, and go to state 44
    NEQ     shift, and go to state 45
    LT      shift, and go to state 46
    LE      shift, and go to state 47
    GT      shift, and go to state 48
    GE      shift, and go to state 49
    AND     shift, and go to state 50
    OR      shift, and go to state 51

    $default  reduce using rule 43 (paraseq)


State 58

   42 funcall: ID LPAREN paraseq . RPAREN

    RPAREN  shift, and go to state 92


State 59

   10 exp: exp . PLUS exp
   11    | exp . MINUS exp
   12    | exp . TIMES exp
   13    | exp . DIVIDE exp
   14    | exp . EQ exp
   15    | exp . NEQ exp
   16    | exp . LT exp
   17    | exp . LE exp
   18    | exp . GT exp
   19    | exp . GE exp
   20    | exp . AND exp
   21    | exp . OR exp
   23    | ID LBRACK exp . RBRACK OF exp
   38 lvalue: ID LBRACK exp . RBRACK

    RBRACK  shift, and go to state 93
    PLUS    shift, and go to state 40
    MINUS   shift, and go to state 41
    TIMES   shift, and go to state 42
    DIVIDE  shift, and go to state 43
    EQ      shift, and go to state 44
    NEQ     shift, and go to state 45
    LT      shift, and go to state 46
    LE      shift, and go to state 47
    GT      shift, and go to state 48
    GE      shift, and go to state 49
    AND     shift, and go to state 50
    OR      shift, and go to state 51


State 60

   45 asseq: ID . EQ exp
   46      | ID . EQ exp COMMA asseq

    EQ  shift, and go to state 94


State 61

   24 exp: ID LBRACE RBRACE .

    $default  reduce using rule 24 (exp)


State 62

   25 exp: ID LBRACE asseq . RBRACE

    RBRACE  shift, and go to state 95


State 63

   33 exp: LPAREN error RPAREN .

    $default  reduce using rule 33 (exp)


State 64

   40 expseq: exp SEMICOLON . expseq

    error   shift, and go to state 1
    ID      shift, and go to state 2
    STRING  shift, and go to state 3
    INT     shift, and go to state 4
    LPAREN  shift, and go to state 5
    MINUS   shift, and go to state 6
    IF      shift, and go to state 7
    WHILE   shift, and go to state 8
    FOR     shift, and go to state 9
    LET     shift, and go to state 10
    BREAK   shift, and go to state 11
    NIL     shift, and go to state 12

    exp      转到状态 23
    lvalue   转到状态 15
    expseq   转到状态 96
    funcall  转到状态 16


State 65

    8 exp: LPAREN expseq RPAREN .

    $default  reduce using rule 8 (exp)


State 66

   26 exp: IF exp THEN . exp
   27    | IF exp THEN . exp ELSE exp

    error   shift, and go to state 1
    ID      shift, and go to state 2
    STRING  shift, and go to state 3
    INT     shift, and go to state 4
    LPAREN  shift, and go to state 5
    MINUS   shift, and go to state 6
    IF      shift, and go to state 7
    WHILE   shift, and go to state 8
    FOR     shift, and go to state 9
    LET     shift, and go to state 10
    BREAK   shift, and go to state 11
    NIL     shift, and go to state 12

    exp      转到状态 97
    lvalue   转到状态 15
    funcall  转到状态 16


State 67

   28 exp: WHILE exp DO . exp

    error   shift, and go to state 1
    ID      shift, and go to state 2
    STRING  shift, and go to state 3
    INT     shift, and go to state 4
    LPAREN  shift, and go to state 5
    MINUS   shift, and go to state 6
    IF      shift, and go to state 7
    WHILE   shift, and go to state 8
    FOR     shift, and go to state 9
    LET     shift, and go to state 10
    BREAK   shift, and go to state 11
    NIL     shift, and go to state 12

    exp      转到状态 98
    lvalue   转到状态 15
    funcall  转到状态 16


State 68

   29 exp: FOR ID ASSIGN . exp TO exp DO exp

    error   shift, and go to state 1
    ID      shift, and go to state 2
    STRING  shift, and go to state 3
    INT     shift, and go to state 4
    LPAREN  shift, and go to state 5
    MINUS   shift, and go to state 6
    IF      shift, and go to state 7
    WHILE   shift, and go to state 8
    FOR     shift, and go to state 9
    LET     shift, and go to state 10
    BREAK   shift, and go to state 11
    NIL     shift, and go to state 12

    exp      转到状态 99
    lvalue   转到状态 15
    funcall  转到状态 16


State 69

   66 fundec: FUNCTION ID . LPAREN tyfields RPAREN EQ exp
   67       | FUNCTION ID . LPAREN tyfields RPAREN COLON ID EQ exp

    LPAREN  shift, and go to state 100


State 70

   62 vardec: VAR ID . ASSIGN exp
   63       | VAR ID . COLON ID ASSIGN exp

    COLON   shift, and go to state 101
    ASSIGN  shift, and go to state 102


State 71

   54 tydec: TYPE ID . EQ ty

    EQ  shift, and go to state 103


State 72

   31 exp: LET decs IN . END
   32    | LET decs IN . expseq END

    error   shift, and go to state 1
    ID      shift, and go to state 2
    STRING  shift, and go to state 3
    INT     shift, and go to state 4
    LPAREN  shift, and go to state 5
    MINUS   shift, and go to state 6
    IF      shift, and go to state 7
    WHILE   shift, and go to state 8
    FOR     shift, and go to state 9
    LET     shift, and go to state 10
    END     shift, and go to state 104
    BREAK   shift, and go to state 11
    NIL     shift, and go to state 12

    exp      转到状态 23
    lvalue   转到状态 15
    expseq   转到状态 105
    funcall  转到状态 16


State 73

   47 decs: dec decs .

    $default  reduce using rule 47 (decs)


State 74

   53 tydecs: tydec tydecs .

    $default  reduce using rule 53 (tydecs)


State 75

   65 fundecs: fundec fundecs .

    $default  reduce using rule 65 (fundecs)


State 76

   10 exp: exp . PLUS exp
   10    | exp PLUS exp .
   11    | exp . MINUS exp
   12    | exp . TIMES exp
   13    | exp . DIVIDE exp
   14    | exp . EQ exp
   15    | exp . NEQ exp
   16    | exp . LT exp
   17    | exp . LE exp
   18    | exp . GT exp
   19    | exp . GE exp
   20    | exp . AND exp
   21    | exp . OR exp

    TIMES   shift, and go to state 42
    DIVIDE  shift, and go to state 43

    $default  reduce using rule 10 (exp)


State 77

   10 exp: exp . PLUS exp
   11    | exp . MINUS exp
   11    | exp MINUS exp .
   12    | exp . TIMES exp
   13    | exp . DIVIDE exp
   14    | exp . EQ exp
   15    | exp . NEQ exp
   16    | exp . LT exp
   17    | exp . LE exp
   18    | exp . GT exp
   19    | exp . GE exp
   20    | exp . AND exp
   21    | exp . OR exp

    TIMES   shift, and go to state 42
    DIVIDE  shift, and go to state 43

    $default  reduce using rule 11 (exp)


State 78

   10 exp: exp . PLUS exp
   11    | exp . MINUS exp
   12    | exp . TIMES exp
   12    | exp TIMES exp .
   13    | exp . DIVIDE exp
   14    | exp . EQ exp
   15    | exp . NEQ exp
   16    | exp . LT exp
   17    | exp . LE exp
   18    | exp . GT exp
   19    | exp . GE exp
   20    | exp . AND exp
   21    | exp . OR exp

    $default  reduce using rule 12 (exp)


State 79

   10 exp: exp . PLUS exp
   11    | exp . MINUS exp
   12    | exp . TIMES exp
   13    | exp . DIVIDE exp
   13    | exp DIVIDE exp .
   14    | exp . EQ exp
   15    | exp . NEQ exp
   16    | exp . LT exp
   17    | exp . LE exp
   18    | exp . GT exp
   19    | exp . GE exp
   20    | exp . AND exp
   21    | exp . OR exp

    $default  reduce using rule 13 (exp)


State 80

   10 exp: exp . PLUS exp
   11    | exp . MINUS exp
   12    | exp . TIMES exp
   13    | exp . DIVIDE exp
   14    | exp . EQ exp
   14    | exp EQ exp .
   15    | exp . NEQ exp
   16    | exp . LT exp
   17    | exp . LE exp
   18    | exp . GT exp
   19    | exp . GE exp
   20    | exp . AND exp
   21    | exp . OR exp

    PLUS    shift, and go to state 40
    MINUS   shift, and go to state 41
    TIMES   shift, and go to state 42
    DIVIDE  shift, and go to state 43

    EQ   error (nonassociative)
    NEQ  error (nonassociative)
    LT   error (nonassociative)
    LE   error (nonassociative)
    GT   error (nonassociative)
    GE   error (nonassociative)

    $default  reduce using rule 14 (exp)


State 81

   10 exp: exp . PLUS exp
   11    | exp . MINUS exp
   12    | exp . TIMES exp
   13    | exp . DIVIDE exp
   14    | exp . EQ exp
   15    | exp . NEQ exp
   15    | exp NEQ exp .
   16    | exp . LT exp
   17    | exp . LE exp
   18    | exp . GT exp
   19    | exp . GE exp
   20    | exp . AND exp
   21    | exp . OR exp

    PLUS    shift, and go to state 40
    MINUS   shift, and go to state 41
    TIMES   shift, and go to state 42
    DIVIDE  shift, and go to state 43

    EQ   error (nonassociative)
    NEQ  error (nonassociative)
    LT   error (nonassociative)
    LE   error (nonassociative)
    GT   error (nonassociative)
    GE   error (nonassociative)

    $default  reduce using rule 15 (exp)


State 82

   10 exp: exp . PLUS exp
   11    | exp . MINUS exp
   12    | exp . TIMES exp
   13    | exp . DIVIDE exp
   14    | exp . EQ exp
   15    | exp . NEQ exp
   16    | exp . LT exp
   16    | exp LT exp .
   17    | exp . LE exp
   18    | exp . GT exp
   19    | exp . GE exp
   20    | exp . AND exp
   21    | exp . OR exp

    PLUS    shift, and go to state 40
    MINUS   shift, and go to state 41
    TIMES   shift, and go to state 42
    DIVIDE  shift, and go to state 43

    EQ   error (nonassociative)
    NEQ  error (nonassociative)
    LT   error (nonassociative)
    LE   error (nonassociative)
    GT   error (nonassociative)
    GE   error (nonassociative)

    $default  reduce using rule 16 (exp)


State 83

   10 exp: exp . PLUS exp
   11    | exp . MINUS exp
   12    | exp . TIMES exp
   13    | exp . DIVIDE exp
   14    | exp . EQ exp
   15    | exp . NEQ exp
   16    | exp . LT exp
   17    | exp . LE exp
   17    | exp LE exp .
   18    | exp . GT exp
   19    | exp . GE exp
   20    | exp . AND exp
   21    | exp . OR exp

    PLUS    shift, and go to state 40
    MINUS   shift, and go to state 41
    TIMES   shift, and go to state 42
    DIVIDE  shift, and go to state 43

    EQ   error (nonassociative)
    NEQ  error (nonassociative)
    LT   error (nonassociative)
    LE   error (nonassociative)
    GT   error (nonassociative)
    GE   error (nonassociative)

    $default  reduce using rule 17 (exp)


State 84

   10 exp: exp . PLUS exp
   11    | exp . MINUS exp
   12    | exp . TIMES exp
   13    | exp . DIVIDE exp
   14    | exp . EQ exp
   15    | exp . NEQ exp
   16    | exp . LT exp
   17    | exp . LE exp
   18    | exp . GT exp
   18    | exp GT exp .
   19    | exp . GE exp
   20    | exp . AND exp
   21    | exp . OR exp

    PLUS    shift, and go to state 40
    MINUS   shift, and go to state 41
    TIMES   shift, and go to state 42
    DIVIDE  shift, and go to state 43

    EQ   error (nonassociative)
    NEQ  error (nonassociative)
    LT   error (nonassociative)
    LE   error (nonassociative)
    GT   error (nonassociative)
    GE   error (nonassociative)

    $default  reduce using rule 18 (exp)


State 85

   10 exp: exp . PLUS exp
   11    | exp . MINUS exp
   12    | exp . TIMES exp
   13    | exp . DIVIDE exp
   14    | exp . EQ exp
   15    | exp . NEQ exp
   16    | exp . LT exp
   17    | exp . LE exp
   18    | exp . GT exp
   19    | exp . GE exp
   19    | exp GE exp .
   20    | exp . AND exp
   21    | exp . OR exp

    PLUS    shift, and go to state 40
    MINUS   shift, and go to state 41
    TIMES   shift, and go to state 42
    DIVIDE  shift, and go to state 43

    EQ   error (nonassociative)
    NEQ  error (nonassociative)
    LT   error (nonassociative)
    LE   error (nonassociative)
    GT   error (nonassociative)
    GE   error (nonassociative)

    $default  reduce using rule 19 (exp)


State 86

   10 exp: exp . PLUS exp
   11    | exp . MINUS exp
   12    | exp . TIMES exp
   13    | exp . DIVIDE exp
   14    | exp . EQ exp
   15    | exp . NEQ exp
   16    | exp . LT exp
   17    | exp . LE exp
   18    | exp . GT exp
   19    | exp . GE exp
   20    | exp . AND exp
   20    | exp AND exp .
   21    | exp . OR exp

    PLUS    shift, and go to state 40
    MINUS   shift, and go to state 41
    TIMES   shift, and go to state 42
    DIVIDE  shift, and go to state 43
    EQ      shift, and go to state 44
    NEQ     shift, and go to state 45
    LT      shift, and go to state 46
    LE      shift, and go to state 47
    GT      shift, and go to state 48
    GE      shift, and go to state 49

    $default  reduce using rule 20 (exp)


State 87

   10 exp: exp . PLUS exp
   11    | exp . MINUS exp
   12    | exp . TIMES exp
   13    | exp . DIVIDE exp
   14    | exp . EQ exp
   15    | exp . NEQ exp
   16    | exp . LT exp
   17    | exp . LE exp
   18    | exp . GT exp
   19    | exp . GE exp
   20    | exp . AND exp
   21    | exp . OR exp
   21    | exp OR exp .

    PLUS    shift, and go to state 40
    MINUS   shift, and go to state 41
    TIMES   shift, and go to state 42
    DIVIDE  shift, and go to state 43
    EQ      shift, and go to state 44
    NEQ     shift, and go to state 45
    LT      shift, and go to state 46
    LE      shift, and go to state 47
    GT      shift, and go to state 48
    GE      shift, and go to state 49
    AND     shift, and go to state 50

    $default  reduce using rule 21 (exp)


State 88

   10 exp: exp . PLUS exp
   11    | exp . MINUS exp
   12    | exp . TIMES exp
   13    | exp . DIVIDE exp
   14    | exp . EQ exp
   15    | exp . NEQ exp
   16    | exp . LT exp
   17    | exp . LE exp
   18    | exp . GT exp
   19    | exp . GE exp
   20    | exp . AND exp
   21    | exp . OR exp
   37 lvalue: lvalue LBRACK exp . RBRACK

    RBRACK  shift, and go to state 106
    PLUS    shift, and go to state 40
    MINUS   shift, and go to state 41
    TIMES   shift, and go to state 42
    DIVIDE  shift, and go to state 43
    EQ      shift, and go to state 44
    NEQ     shift, and go to state 45
    LT      shift, and go to state 46
    LE      shift, and go to state 47
    GT      shift, and go to state 48
    GE      shift, and go to state 49
    AND     shift, and go to state 50
    OR      shift, and go to state 51


State 89

   36 lvalue: lvalue DOT ID .

    $default  reduce using rule 36 (lvalue)


State 90

    3 exp: lvalue ASSIGN exp .
   10    | exp . PLUS exp
   11    | exp . MINUS exp
   12    | exp . TIMES exp
   13    | exp . DIVIDE exp
   14    | exp . EQ exp
   15    | exp . NEQ exp
   16    | exp . LT exp
   17    | exp . LE exp
   18    | exp . GT exp
   19    | exp . GE exp
   20    | exp . AND exp
   21    | exp . OR exp

    PLUS    shift, and go to state 40
    MINUS   shift, and go to state 41
    TIMES   shift, and go to state 42
    DIVIDE  shift, and go to state 43
    EQ      shift, and go to state 44
    NEQ     shift, and go to state 45
    LT      shift, and go to state 46
    LE      shift, and go to state 47
    GT      shift, and go to state 48
    GE      shift, and go to state 49
    AND     shift, and go to state 50
    OR      shift, and go to state 51

    $default  reduce using rule 3 (exp)


State 91

   44 paraseq: exp COMMA . paraseq

    error   shift, and go to state 1
    ID      shift, and go to state 2
    STRING  shift, and go to state 3
    INT     shift, and go to state 4
    LPAREN  shift, and go to state 5
    MINUS   shift, and go to state 6
    IF      shift, and go to state 7
    WHILE   shift, and go to state 8
    FOR     shift, and go to state 9
    LET     shift, and go to state 10
    BREAK   shift, and go to state 11
    NIL     shift, and go to state 12

    exp      转到状态 57
    lvalue   转到状态 15
    funcall  转到状态 16
    paraseq  转到状态 107


State 92

   42 funcall: ID LPAREN paraseq RPAREN .

    $default  reduce using rule 42 (funcall)


State 93

   23 exp: ID LBRACK exp RBRACK . OF exp
   38 lvalue: ID LBRACK exp RBRACK .

    OF  shift, and go to state 108

    $default  reduce using rule 38 (lvalue)


State 94

   45 asseq: ID EQ . exp
   46      | ID EQ . exp COMMA asseq

    error   shift, and go to state 1
    ID      shift, and go to state 2
    STRING  shift, and go to state 3
    INT     shift, and go to state 4
    LPAREN  shift, and go to state 5
    MINUS   shift, and go to state 6
    IF      shift, and go to state 7
    WHILE   shift, and go to state 8
    FOR     shift, and go to state 9
    LET     shift, and go to state 10
    BREAK   shift, and go to state 11
    NIL     shift, and go to state 12

    exp      转到状态 109
    lvalue   转到状态 15
    funcall  转到状态 16


State 95

   25 exp: ID LBRACE asseq RBRACE .

    $default  reduce using rule 25 (exp)


State 96

   40 expseq: exp SEMICOLON expseq .

    $default  reduce using rule 40 (expseq)


State 97

   10 exp: exp . PLUS exp
   11    | exp . MINUS exp
   12    | exp . TIMES exp
   13    | exp . DIVIDE exp
   14    | exp . EQ exp
   15    | exp . NEQ exp
   16    | exp . LT exp
   17    | exp . LE exp
   18    | exp . GT exp
   19    | exp . GE exp
   20    | exp . AND exp
   21    | exp . OR exp
   26    | IF exp THEN exp .
   27    | IF exp THEN exp . ELSE exp

    PLUS    shift, and go to state 40
    MINUS   shift, and go to state 41
    TIMES   shift, and go to state 42
    DIVIDE  shift, and go to state 43
    EQ      shift, and go to state 44
    NEQ     shift, and go to state 45
    LT      shift, and go to state 46
    LE      shift, and go to state 47
    GT      shift, and go to state 48
    GE      shift, and go to state 49
    AND     shift, and go to state 50
    OR      shift, and go to state 51
    ELSE    shift, and go to state 110

    $default  reduce using rule 26 (exp)


State 98

   10 exp: exp . PLUS exp
   11    | exp . MINUS exp
   12    | exp . TIMES exp
   13    | exp . DIVIDE exp
   14    | exp . EQ exp
   15    | exp . NEQ exp
   16    | exp . LT exp
   17    | exp . LE exp
   18    | exp . GT exp
   19    | exp . GE exp
   20    | exp . AND exp
   21    | exp . OR exp
   28    | WHILE exp DO exp .

    PLUS    shift, and go to state 40
    MINUS   shift, and go to state 41
    TIMES   shift, and go to state 42
    DIVIDE  shift, and go to state 43
    EQ      shift, and go to state 44
    NEQ     shift, and go to state 45
    LT      shift, and go to state 46
    LE      shift, and go to state 47
    GT      shift, and go to state 48
    GE      shift, and go to state 49
    AND     shift, and go to state 50
    OR      shift, and go to state 51

    $default  reduce using rule 28 (exp)


State 99

   10 exp: exp . PLUS exp
   11    | exp . MINUS exp
   12    | exp . TIMES exp
   13    | exp . DIVIDE exp
   14    | exp . EQ exp
   15    | exp . NEQ exp
   16    | exp . LT exp
   17    | exp . LE exp
   18    | exp . GT exp
   19    | exp . GE exp
   20    | exp . AND exp
   21    | exp . OR exp
   29    | FOR ID ASSIGN exp . TO exp DO exp

    PLUS    shift, and go to state 40
    MINUS   shift, and go to state 41
    TIMES   shift, and go to state 42
    DIVIDE  shift, and go to state 43
    EQ      shift, and go to state 44
    NEQ     shift, and go to state 45
    LT      shift, and go to state 46
    LE      shift, and go to state 47
    GT      shift, and go to state 48
    GE      shift, and go to state 49
    AND     shift, and go to state 50
    OR      shift, and go to state 51
    TO      shift, and go to state 111


State 100

   66 fundec: FUNCTION ID LPAREN . tyfields RPAREN EQ exp
   67       | FUNCTION ID LPAREN . tyfields RPAREN COLON ID EQ exp

    ID  shift, and go to state 112

    $default  reduce using rule 59 (tyfields)

    tyfields  转到状态 113
    tyfield   转到状态 114


State 101

   63 vardec: VAR ID COLON . ID ASSIGN exp

    ID  shift, and go to state 115


State 102

   62 vardec: VAR ID ASSIGN . exp

    error   shift, and go to state 1
    ID      shift, and go to state 2
    STRING  shift, and go to state 3
    INT     shift, and go to state 4
    LPAREN  shift, and go to state 5
    MINUS   shift, and go to state 6
    IF      shift, and go to state 7
    WHILE   shift, and go to state 8
    FOR     shift, and go to state 9
    LET     shift, and go to state 10
    BREAK   shift, and go to state 11
    NIL     shift, and go to state 12

    exp      转到状态 116
    lvalue   转到状态 15
    funcall  转到状态 16


State 103

   54 tydec: TYPE ID EQ . ty

    ID      shift, and go to state 117
    LBRACE  shift, and go to state 118
    ARRAY   shift, and go to state 119

    ty  转到状态 120


State 104

   31 exp: LET decs IN END .

    $default  reduce using rule 31 (exp)


State 105

   32 exp: LET decs IN expseq . END

    END  shift, and go to state 121


State 106

   37 lvalue: lvalue LBRACK exp RBRACK .

    $default  reduce using rule 37 (lvalue)


State 107

   44 paraseq: exp COMMA paraseq .

    $default  reduce using rule 44 (paraseq)


State 108

   23 exp: ID LBRACK exp RBRACK OF . exp

    error   shift, and go to state 1
    ID      shift, and go to state 2
    STRING  shift, and go to state 3
    INT     shift, and go to state 4
    LPAREN  shift, and go to state 5
    MINUS   shift, and go to state 6
    IF      shift, and go to state 7
    WHILE   shift, and go to state 8
    FOR     shift, and go to state 9
    LET     shift, and go to state 10
    BREAK   shift, and go to state 11
    NIL     shift, and go to state 12

    exp      转到状态 122
    lvalue   转到状态 15
    funcall  转到状态 16


State 109

   10 exp: exp . PLUS exp
   11    | exp . MINUS exp
   12    | exp . TIMES exp
   13    | exp . DIVIDE exp
   14    | exp . EQ exp
   15    | exp . NEQ exp
   16    | exp . LT exp
   17    | exp . LE exp
   18    | exp . GT exp
   19    | exp . GE exp
   20    | exp . AND exp
   21    | exp . OR exp
   45 asseq: ID EQ exp .
   46      | ID EQ exp . COMMA asseq

    COMMA   shift, and go to state 123
    PLUS    shift, and go to state 40
    MINUS   shift, and go to state 41
    TIMES   shift, and go to state 42
    DIVIDE  shift, and go to state 43
    EQ      shift, and go to state 44
    NEQ     shift, and go to state 45
    LT      shift, and go to state 46
    LE      shift, and go to state 47
    GT      shift, and go to state 48
    GE      shift, and go to state 49
    AND     shift, and go to state 50
    OR      shift, and go to state 51

    $default  reduce using rule 45 (asseq)


State 110

   27 exp: IF exp THEN exp ELSE . exp

    error   shift, and go to state 1
    ID      shift, and go to state 2
    STRING  shift, and go to state 3
    INT     shift, and go to state 4
    LPAREN  shift, and go to state 5
    MINUS   shift, and go to state 6
    IF      shift, and go to state 7
    WHILE   shift, and go to state 8
    FOR     shift, and go to state 9
    LET     shift, and go to state 10
    BREAK   shift, and go to state 11
    NIL     shift, and go to state 12

    exp      转到状态 124
    lvalue   转到状态 15
    funcall  转到状态 16


State 111

   29 exp: FOR ID ASSIGN exp TO . exp DO exp

    error   shift, and go to state 1
    ID      shift, and go to state 2
    STRING  shift, and go to state 3
    INT     shift, and go to state 4
    LPAREN  shift, and go to state 5
    MINUS   shift, and go to state 6
    IF      shift, and go to state 7
    WHILE   shift, and go to state 8
    FOR     shift, and go to state 9
    LET     shift, and go to state 10
    BREAK   shift, and go to state 11
    NIL     shift, and go to state 12

    exp      转到状态 125
    lvalue   转到状态 15
    funcall  转到状态 16


State 112

   60 tyfield: ID . COLON ID
   61        | ID . COLON ID COMMA tyfield

    COLON  shift, and go to state 126


State 113

   66 fundec: FUNCTION ID LPAREN tyfields . RPAREN EQ exp
   67       | FUNCTION ID LPAREN tyfields . RPAREN COLON ID EQ exp

    RPAREN  shift, and go to state 127


State 114

   58 tyfields: tyfield .

    $default  reduce using rule 58 (tyfields)


State 115

   63 vardec: VAR ID COLON ID . ASSIGN exp

    ASSIGN  shift, and go to state 128


State 116

   10 exp: exp . PLUS exp
   11    | exp . MINUS exp
   12    | exp . TIMES exp
   13    | exp . DIVIDE exp
   14    | exp . EQ exp
   15    | exp . NEQ exp
   16    | exp . LT exp
   17    | exp . LE exp
   18    | exp . GT exp
   19    | exp . GE exp
   20    | exp . AND exp
   21    | exp . OR exp
   62 vardec: VAR ID ASSIGN exp .

    PLUS    shift, and go to state 40
    MINUS   shift, and go to state 41
    TIMES   shift, and go to state 42
    DIVIDE  shift, and go to state 43
    EQ      shift, and go to state 44
    NEQ     shift, and go to state 45
    LT      shift, and go to state 46
    LE      shift, and go to state 47
    GT      shift, and go to state 48
    GE      shift, and go to state 49
    AND     shift, and go to state 50
    OR      shift, and go to state 51

    $default  reduce using rule 62 (vardec)


State 117

   55 ty: ID .

    $default  reduce using rule 55 (ty)


State 118

   56 ty: LBRACE . tyfields RBRACE

    ID  shift, and go to state 112

    $default  reduce using rule 59 (tyfields)

    tyfields  转到状态 129
    tyfield   转到状态 114


State 119

   57 ty: ARRAY . OF ID

    OF  shift, and go to state 130


State 120

   54 tydec: TYPE ID EQ ty .

    $default  reduce using rule 54 (tydec)


State 121

   32 exp: LET decs IN expseq END .

    $default  reduce using rule 32 (exp)


State 122

   10 exp: exp . PLUS exp
   11    | exp . MINUS exp
   12    | exp . TIMES exp
   13    | exp . DIVIDE exp
   14    | exp . EQ exp
   15    | exp . NEQ exp
   16    | exp . LT exp
   17    | exp . LE exp
   18    | exp . GT exp
   19    | exp . GE exp
   20    | exp . AND exp
   21    | exp . OR exp
   23    | ID LBRACK exp RBRACK OF exp .

    PLUS    shift, and go to state 40
    MINUS   shift, and go to state 41
    TIMES   shift, and go to state 42
    DIVIDE  shift, and go to state 43
    EQ      shift, and go to state 44
    NEQ     shift, and go to state 45
    LT      shift, and go to state 46
    LE      shift, and go to state 47
    GT      shift, and go to state 48
    GE      shift, and go to state 49
    AND     shift, and go to state 50
    OR      shift, and go to state 51

    $default  reduce using rule 23 (exp)


State 123

   46 asseq: ID EQ exp COMMA . asseq

    ID  shift, and go to state 60

    asseq  转到状态 131


State 124

   10 exp: exp . PLUS exp
   11    | exp . MINUS exp
   12    | exp . TIMES exp
   13    | exp . DIVIDE exp
   14    | exp . EQ exp
   15    | exp . NEQ exp
   16    | exp . LT exp
   17    | exp . LE exp
   18    | exp . GT exp
   19    | exp . GE exp
   20    | exp . AND exp
   21    | exp . OR exp
   27    | IF exp THEN exp ELSE exp .

    PLUS    shift, and go to state 40
    MINUS   shift, and go to state 41
    TIMES   shift, and go to state 42
    DIVIDE  shift, and go to state 43
    EQ      shift, and go to state 44
    NEQ     shift, and go to state 45
    LT      shift, and go to state 46
    LE      shift, and go to state 47
    GT      shift, and go to state 48
    GE      shift, and go to state 49
    AND     shift, and go to state 50
    OR      shift, and go to state 51

    $default  reduce using rule 27 (exp)


State 125

   10 exp: exp . PLUS exp
   11    | exp . MINUS exp
   12    | exp . TIMES exp
   13    | exp . DIVIDE exp
   14    | exp . EQ exp
   15    | exp . NEQ exp
   16    | exp . LT exp
   17    | exp . LE exp
   18    | exp . GT exp
   19    | exp . GE exp
   20    | exp . AND exp
   21    | exp . OR exp
   29    | FOR ID ASSIGN exp TO exp . DO exp

    PLUS    shift, and go to state 40
    MINUS   shift, and go to state 41
    TIMES   shift, and go to state 42
    DIVIDE  shift, and go to state 43
    EQ      shift, and go to state 44
    NEQ     shift, and go to state 45
    LT      shift, and go to state 46
    LE      shift, and go to state 47
    GT      shift, and go to state 48
    GE      shift, and go to state 49
    AND     shift, and go to state 50
    OR      shift, and go to state 51
    DO      shift, and go to state 132


State 126

   60 tyfield: ID COLON . ID
   61        | ID COLON . ID COMMA tyfield

    ID  shift, and go to state 133


State 127

   66 fundec: FUNCTION ID LPAREN tyfields RPAREN . EQ exp
   67       | FUNCTION ID LPAREN tyfields RPAREN . COLON ID EQ exp

    COLON  shift, and go to state 134
    EQ     shift, and go to state 135


State 128

   63 vardec: VAR ID COLON ID ASSIGN . exp

    error   shift, and go to state 1
    ID      shift, and go to state 2
    STRING  shift, and go to state 3
    INT     shift, and go to state 4
    LPAREN  shift, and go to state 5
    MINUS   shift, and go to state 6
    IF      shift, and go to state 7
    WHILE   shift, and go to state 8
    FOR     shift, and go to state 9
    LET     shift, and go to state 10
    BREAK   shift, and go to state 11
    NIL     shift, and go to state 12

    exp      转到状态 136
    lvalue   转到状态 15
    funcall  转到状态 16


State 129

   56 ty: LBRACE tyfields . RBRACE

    RBRACE  shift, and go to state 137


State 130

   57 ty: ARRAY OF . ID

    ID  shift, and go to state 138


State 131

   46 asseq: ID EQ exp COMMA asseq .

    $default  reduce using rule 46 (asseq)


State 132

   29 exp: FOR ID ASSIGN exp TO exp DO . exp

    error   shift, and go to state 1
    ID      shift, and go to state 2
    STRING  shift, and go to state 3
    INT     shift, and go to state 4
    LPAREN  shift, and go to state 5
    MINUS   shift, and go to state 6
    IF      shift, and go to state 7
    WHILE   shift, and go to state 8
    FOR     shift, and go to state 9
    LET     shift, and go to state 10
    BREAK   shift, and go to state 11
    NIL     shift, and go to state 12

    exp      转到状态 139
    lvalue   转到状态 15
    funcall  转到状态 16


State 133

   60 tyfield: ID COLON ID .
   61        | ID COLON ID . COMMA tyfield

    COMMA  shift, and go to state 140

    $default  reduce using rule 60 (tyfield)


State 134

   67 fundec: FUNCTION ID LPAREN tyfields RPAREN COLON . ID EQ exp

    ID  shift, and go to state 141


State 135

   66 fundec: FUNCTION ID LPAREN tyfields RPAREN EQ . exp

    error   shift, and go to state 1
    ID      shift, and go to state 2
    STRING  shift, and go to state 3
    INT     shift, and go to state 4
    LPAREN  shift, and go to state 5
    MINUS   shift, and go to state 6
    IF      shift, and go to state 7
    WHILE   shift, and go to state 8
    FOR     shift, and go to state 9
    LET     shift, and go to state 10
    BREAK   shift, and go to state 11
    NIL     shift, and go to state 12

    exp      转到状态 142
    lvalue   转到状态 15
    funcall  转到状态 16


State 136

   10 exp: exp . PLUS exp
   11    | exp . MINUS exp
   12    | exp . TIMES exp
   13    | exp . DIVIDE exp
   14    | exp . EQ exp
   15    | exp . NEQ exp
   16    | exp . LT exp
   17    | exp . LE exp
   18    | exp . GT exp
   19    | exp . GE exp
   20    | exp . AND exp
   21    | exp . OR exp
   63 vardec: VAR ID COLON ID ASSIGN exp .

    PLUS    shift, and go to state 40
    MINUS   shift, and go to state 41
    TIMES   shift, and go to state 42
    DIVIDE  shift, and go to state 43
    EQ      shift, and go to state 44
    NEQ     shift, and go to state 45
    LT      shift, and go to state 46
    LE      shift, and go to state 47
    GT      shift, and go to state 48
    GE      shift, and go to state 49
    AND     shift, and go to state 50
    OR      shift, and go to state 51

    $default  reduce using rule 63 (vardec)


State 137

   56 ty: LBRACE tyfields RBRACE .

    $default  reduce using rule 56 (ty)


State 138

   57 ty: ARRAY OF ID .

    $default  reduce using rule 57 (ty)


State 139

   10 exp: exp . PLUS exp
   11    | exp . MINUS exp
   12    | exp . TIMES exp
   13    | exp . DIVIDE exp
   14    | exp . EQ exp
   15    | exp . NEQ exp
   16    | exp . LT exp
   17    | exp . LE exp
   18    | exp . GT exp
   19    | exp . GE exp
   20    | exp . AND exp
   21    | exp . OR exp
   29    | FOR ID ASSIGN exp TO exp DO exp .

    PLUS    shift, and go to state 40
    MINUS   shift, and go to state 41
    TIMES   shift, and go to state 42
    DIVIDE  shift, and go to state 43
    EQ      shift, and go to state 44
    NEQ     shift, and go to state 45
    LT      shift, and go to state 46
    LE      shift, and go to state 47
    GT      shift, and go to state 48
    GE      shift, and go to state 49
    AND     shift, and go to state 50
    OR      shift, and go to state 51

    $default  reduce using rule 29 (exp)


State 140

   61 tyfield: ID COLON ID COMMA . tyfield

    ID  shift, and go to state 112

    tyfield  转到状态 143


State 141

   67 fundec: FUNCTION ID LPAREN tyfields RPAREN COLON ID . EQ exp

    EQ  shift, and go to state 144


State 142

   10 exp: exp . PLUS exp
   11    | exp . MINUS exp
   12    | exp . TIMES exp
   13    | exp . DIVIDE exp
   14    | exp . EQ exp
   15    | exp . NEQ exp
   16    | exp . LT exp
   17    | exp . LE exp
   18    | exp . GT exp
   19    | exp . GE exp
   20    | exp . AND exp
   21    | exp . OR exp
   66 fundec: FUNCTION ID LPAREN tyfields RPAREN EQ exp .

    PLUS    shift, and go to state 40
    MINUS   shift, and go to state 41
    TIMES   shift, and go to state 42
    DIVIDE  shift, and go to state 43
    EQ      shift, and go to state 44
    NEQ     shift, and go to state 45
    LT      shift, and go to state 46
    LE      shift, and go to state 47
    GT      shift, and go to state 48
    GE      shift, and go to state 49
    AND     shift, and go to state 50
    OR      shift, and go to state 51

    $default  reduce using rule 66 (fundec)


State 143

   61 tyfield: ID COLON ID COMMA tyfield .

    $default  reduce using rule 61 (tyfield)


State 144

   67 fundec: FUNCTION ID LPAREN tyfields RPAREN COLON ID EQ . exp

    error   shift, and go to state 1
    ID      shift, and go to state 2
    STRING  shift, and go to state 3
    INT     shift, and go to state 4
    LPAREN  shift, and go to state 5
    MINUS   shift, and go to state 6
    IF      shift, and go to state 7
    WHILE   shift, and go to state 8
    FOR     shift, and go to state 9
    LET     shift, and go to state 10
    BREAK   shift, and go to state 11
    NIL     shift, and go to state 12

    exp      转到状态 145
    lvalue   转到状态 15
    funcall  转到状态 16


State 145

   10 exp: exp . PLUS exp
   11    | exp . MINUS exp
   12    | exp . TIMES exp
   13    | exp . DIVIDE exp
   14    | exp . EQ exp
   15    | exp . NEQ exp
   16    | exp . LT exp
   17    | exp . LE exp
   18    | exp . GT exp
   19    | exp . GE exp
   20    | exp . AND exp
   21    | exp . OR exp
   67 fundec: FUNCTION ID LPAREN tyfields RPAREN COLON ID EQ exp .

    PLUS    shift, and go to state 40
    MINUS   shift, and go to state 41
    TIMES   shift, and go to state 42
    DIVIDE  shift, and go to state 43
    EQ      shift, and go to state 44
    NEQ     shift, and go to state 45
    LT      shift, and go to state 46
    LE      shift, and go to state 47
    GT      shift, and go to state 48
    GE      shift, and go to state 49
    AND     shift, and go to state 50
    OR      shift, and go to state 51

    $default  reduce using rule 67 (fundec)
